INFO:     Will watch for changes in these directories: ['/Users/ignacio/mlops']
INFO:     Uvicorn running on http://0.0.0.0:8000 (Press CTRL+C to quit)
INFO:     Started reloader process [69360] using StatReload
INFO:     Started server process [69363]
INFO:     Waiting for application startup.
ERROR:    Traceback (most recent call last):
  File "/Users/ignacio/mlops/.venv/lib/python3.12/site-packages/starlette/routing.py", line 638, in lifespan
    async with self.lifespan_context(app) as maybe_state:
               ^^^^^^^^^^^^^^^^^^^^^^^^^^
  File "/Users/ignacio/.local/share/uv/python/cpython-3.12.11-macos-aarch64-none/lib/python3.12/contextlib.py", line 210, in __aenter__
    return await anext(self.gen)
           ^^^^^^^^^^^^^^^^^^^^^
  File "/Users/ignacio/mlops/server.py", line 40, in lifespan
    app_state["model"] = mlflow.pyfunc.load_model(model_uri)
                         ^^^^^^^^^^^^^^^^^^^^^^^^^^^^^^^^^^^
  File "/Users/ignacio/mlops/.venv/lib/python3.12/site-packages/mlflow/tracing/provider.py", line 751, in wrapper
    result = f(*args, **kwargs)
             ^^^^^^^^^^^^^^^^^^
  File "/Users/ignacio/mlops/.venv/lib/python3.12/site-packages/mlflow/pyfunc/__init__.py", line 1129, in load_model
    local_path = _download_artifact_from_uri(
                 ^^^^^^^^^^^^^^^^^^^^^^^^^^^^
  File "/Users/ignacio/mlops/.venv/lib/python3.12/site-packages/mlflow/tracking/artifact_utils.py", line 117, in _download_artifact_from_uri
    repo = get_artifact_repository(
           ^^^^^^^^^^^^^^^^^^^^^^^^
  File "/Users/ignacio/mlops/.venv/lib/python3.12/site-packages/mlflow/store/artifact/artifact_repository_registry.py", line 156, in get_artifact_repository
    return _artifact_repository_registry.get_artifact_repository(
           ^^^^^^^^^^^^^^^^^^^^^^^^^^^^^^^^^^^^^^^^^^^^^^^^^^^^^^
  File "/Users/ignacio/mlops/.venv/lib/python3.12/site-packages/mlflow/store/artifact/artifact_repository_registry.py", line 84, in get_artifact_repository
    repository_instance = repository(
                          ^^^^^^^^^^^
  File "/Users/ignacio/mlops/.venv/lib/python3.12/site-packages/mlflow/store/artifact/models_artifact_repo.py", line 83, in __init__
    ) = ModelsArtifactRepository._get_model_uri_infos(artifact_uri)
        ^^^^^^^^^^^^^^^^^^^^^^^^^^^^^^^^^^^^^^^^^^^^^^^^^^^^^^^^^^^
  File "/Users/ignacio/mlops/.venv/lib/python3.12/site-packages/mlflow/store/artifact/models_artifact_repo.py", line 136, in _get_model_uri_infos
    name_and_version_or_id = get_model_name_and_version(client, uri)
                             ^^^^^^^^^^^^^^^^^^^^^^^^^^^^^^^^^^^^^^^
  File "/Users/ignacio/mlops/.venv/lib/python3.12/site-packages/mlflow/store/artifact/utils/models.py", line 152, in get_model_name_and_version
    return model_name, str(_get_latest_model_version(client, model_name, model_stage))
                           ^^^^^^^^^^^^^^^^^^^^^^^^^^^^^^^^^^^^^^^^^^^^^^^^^^^^^^^^^^
  File "/Users/ignacio/mlops/.venv/lib/python3.12/site-packages/mlflow/store/artifact/utils/models.py", line 44, in _get_latest_model_version
    latest = client.get_latest_versions(name, None if stage is None else [stage])
             ^^^^^^^^^^^^^^^^^^^^^^^^^^^^^^^^^^^^^^^^^^^^^^^^^^^^^^^^^^^^^^^^^^^^
  File "/Users/ignacio/mlops/.venv/lib/python3.12/site-packages/mlflow/tracking/_model_registry/client.py", line 196, in get_latest_versions
    return self.store.get_latest_versions(name, stages)
           ^^^^^^^^^^^^^^^^^^^^^^^^^^^^^^^^^^^^^^^^^^^^
  File "/Users/ignacio/mlops/.venv/lib/python3.12/site-packages/mlflow/store/model_registry/rest_store.py", line 232, in get_latest_versions
    response_proto = self._call_endpoint(GetLatestVersions, req_body, call_all_endpoints=True)
                     ^^^^^^^^^^^^^^^^^^^^^^^^^^^^^^^^^^^^^^^^^^^^^^^^^^^^^^^^^^^^^^^^^^^^^^^^^
  File "/Users/ignacio/mlops/.venv/lib/python3.12/site-packages/mlflow/store/model_registry/rest_store.py", line 68, in _call_endpoint
    return super()._call_endpoint(
           ^^^^^^^^^^^^^^^^^^^^^^^
  File "/Users/ignacio/mlops/.venv/lib/python3.12/site-packages/mlflow/store/model_registry/base_rest_store.py", line 37, in _call_endpoint
    return call_endpoints(
           ^^^^^^^^^^^^^^^
  File "/Users/ignacio/mlops/.venv/lib/python3.12/site-packages/mlflow/utils/rest_utils.py", line 658, in call_endpoints
    raise e
  File "/Users/ignacio/mlops/.venv/lib/python3.12/site-packages/mlflow/utils/rest_utils.py", line 653, in call_endpoints
    return call_endpoint(
           ^^^^^^^^^^^^^^
  File "/Users/ignacio/mlops/.venv/lib/python3.12/site-packages/mlflow/utils/rest_utils.py", line 627, in call_endpoint
    response = verify_rest_response(
               ^^^^^^^^^^^^^^^^^^^^^
  File "/Users/ignacio/mlops/.venv/lib/python3.12/site-packages/mlflow/utils/rest_utils.py", line 341, in verify_rest_response
    raise RestException(json.loads(response.text))
mlflow.exceptions.RestException: RESOURCE_DOES_NOT_EXIST: Registered Model with name=model not found

ERROR:    Application startup failed. Exiting.
WARNING:  StatReload detected changes in 'server.py'. Reloading...
INFO:     Started server process [69547]
INFO:     Waiting for application startup.
ERROR:    Traceback (most recent call last):
  File "/Users/ignacio/mlops/.venv/lib/python3.12/site-packages/starlette/routing.py", line 638, in lifespan
    async with self.lifespan_context(app) as maybe_state:
               ^^^^^^^^^^^^^^^^^^^^^^^^^^
  File "/Users/ignacio/.local/share/uv/python/cpython-3.12.11-macos-aarch64-none/lib/python3.12/contextlib.py", line 210, in __aenter__
    return await anext(self.gen)
           ^^^^^^^^^^^^^^^^^^^^^
  File "/Users/ignacio/mlops/server.py", line 26, in lifespan
    mlflow.set_tracking_uri(
    ^^^^^^
NameError: name 'mlflow' is not defined

ERROR:    Application startup failed. Exiting.
WARNING:  StatReload detected changes in 'server.py'. Reloading...
INFO:     Started server process [69565]
INFO:     Waiting for application startup.
INFO:     Application startup complete.
WARNING:  StatReload detected changes in 'tests/test_server.py'. Reloading...
INFO:     Shutting down
INFO:     Waiting for application shutdown.
INFO:     Application shutdown complete.
INFO:     Finished server process [69565]
INFO:     Started server process [69601]
INFO:     Waiting for application startup.
INFO:     Application startup complete.
WARNING:  StatReload detected changes in 'pkg/__init__.py'. Reloading...
INFO:     Shutting down
INFO:     Waiting for application shutdown.
INFO:     Application shutdown complete.
INFO:     Finished server process [69601]
INFO:     Started server process [70274]
INFO:     Waiting for application startup.
INFO:     Application startup complete.
WARNING:  StatReload detected changes in 'tests/pkg/test_posts_repository.py'. Reloading...
INFO:     Shutting down
INFO:     Waiting for application shutdown.
INFO:     Application shutdown complete.
INFO:     Finished server process [70274]
INFO:     Started server process [70319]
INFO:     Waiting for application startup.
INFO:     Application startup complete.
WARNING:  StatReload detected changes in 'pkg/posts/__init__.py'. Reloading...
INFO:     Shutting down
INFO:     Waiting for application shutdown.
INFO:     Application shutdown complete.
INFO:     Finished server process [70319]
INFO:     Started server process [70850]
INFO:     Waiting for application startup.
INFO:     Application startup complete.
WARNING:  StatReload detected changes in 'tests/pkg/test_posts_mongo_integration.py'. Reloading...
INFO:     Shutting down
INFO:     Waiting for application shutdown.
INFO:     Application shutdown complete.
INFO:     Finished server process [70850]
INFO:     Started server process [70950]
INFO:     Waiting for application startup.
INFO:     Application startup complete.
WARNING:  StatReload detected changes in 'tests/pkg/test_posts_mongo_integration.py'. Reloading...
INFO:     Shutting down
INFO:     Waiting for application shutdown.
INFO:     Application shutdown complete.
INFO:     Finished server process [70950]
INFO:     Started server process [71014]
INFO:     Waiting for application startup.
INFO:     Application startup complete.
WARNING:  StatReload detected changes in 'tests/pkg/test_posts_mongo_integration.py'. Reloading...
INFO:     Shutting down
INFO:     Waiting for application shutdown.
INFO:     Application shutdown complete.
INFO:     Finished server process [71014]
INFO:     Started server process [71088]
INFO:     Waiting for application startup.
INFO:     Application startup complete.
WARNING:  StatReload detected changes in 'pkg/posts/models.py'. Reloading...
INFO:     Shutting down
INFO:     Waiting for application shutdown.
INFO:     Application shutdown complete.
INFO:     Finished server process [71088]
INFO:     Started server process [71792]
INFO:     Waiting for application startup.
INFO:     Application startup complete.
WARNING:  StatReload detected changes in 'pkg/posts/repository.py'. Reloading...
INFO:     Shutting down
INFO:     Waiting for application shutdown.
INFO:     Application shutdown complete.
INFO:     Finished server process [71792]
INFO:     Started server process [71817]
INFO:     Waiting for application startup.
INFO:     Application startup complete.
WARNING:  StatReload detected changes in 'pkg/posts/mongo_repository.py'. Reloading...
INFO:     Shutting down
INFO:     Waiting for application shutdown.
INFO:     Application shutdown complete.
INFO:     Finished server process [71817]
INFO:     Started server process [71832]
INFO:     Waiting for application startup.
INFO:     Application startup complete.
WARNING:  StatReload detected changes in 'pkg/posts/mongo_repository.py'. Reloading...
INFO:     Shutting down
INFO:     Waiting for application shutdown.
INFO:     Application shutdown complete.
INFO:     Finished server process [71832]
INFO:     Started server process [71854]
INFO:     Waiting for application startup.
INFO:     Application startup complete.
WARNING:  StatReload detected changes in 'pkg/posts/repository.py'. Reloading...
INFO:     Shutting down
INFO:     Waiting for application shutdown.
INFO:     Application shutdown complete.
INFO:     Finished server process [71854]
INFO:     Started server process [71908]
INFO:     Waiting for application startup.
INFO:     Application startup complete.
WARNING:  StatReload detected changes in 'server.py'. Reloading...
INFO:     Shutting down
INFO:     Waiting for application shutdown.
INFO:     Application shutdown complete.
INFO:     Finished server process [71908]
INFO:     Started server process [71951]
INFO:     Waiting for application startup.
INFO:     Application startup complete.
WARNING:  StatReload detected changes in 'server.py'. Reloading...
INFO:     Shutting down
INFO:     Waiting for application shutdown.
INFO:     Application shutdown complete.
INFO:     Finished server process [71951]
Process SpawnProcess-17:
Traceback (most recent call last):
  File "/Users/ignacio/.local/share/uv/python/cpython-3.12.11-macos-aarch64-none/lib/python3.12/multiprocessing/process.py", line 314, in _bootstrap
    self.run()
  File "/Users/ignacio/.local/share/uv/python/cpython-3.12.11-macos-aarch64-none/lib/python3.12/multiprocessing/process.py", line 108, in run
    self._target(*self._args, **self._kwargs)
  File "/Users/ignacio/mlops/.venv/lib/python3.12/site-packages/uvicorn/_subprocess.py", line 80, in subprocess_started
    target(sockets=sockets)
  File "/Users/ignacio/mlops/.venv/lib/python3.12/site-packages/uvicorn/server.py", line 75, in run
    return asyncio_run(self.serve(sockets=sockets), loop_factory=self.config.get_loop_factory())
           ^^^^^^^^^^^^^^^^^^^^^^^^^^^^^^^^^^^^^^^^^^^^^^^^^^^^^^^^^^^^^^^^^^^^^^^^^^^^^^^^^^^^^
  File "/Users/ignacio/.local/share/uv/python/cpython-3.12.11-macos-aarch64-none/lib/python3.12/asyncio/runners.py", line 195, in run
    return runner.run(main)
           ^^^^^^^^^^^^^^^^
  File "/Users/ignacio/.local/share/uv/python/cpython-3.12.11-macos-aarch64-none/lib/python3.12/asyncio/runners.py", line 118, in run
    return self._loop.run_until_complete(task)
           ^^^^^^^^^^^^^^^^^^^^^^^^^^^^^^^^^^^
  File "/Users/ignacio/.local/share/uv/python/cpython-3.12.11-macos-aarch64-none/lib/python3.12/asyncio/base_events.py", line 691, in run_until_complete
    return future.result()
           ^^^^^^^^^^^^^^^
  File "/Users/ignacio/mlops/.venv/lib/python3.12/site-packages/uvicorn/server.py", line 79, in serve
    await self._serve(sockets)
  File "/Users/ignacio/mlops/.venv/lib/python3.12/site-packages/uvicorn/server.py", line 86, in _serve
    config.load()
  File "/Users/ignacio/mlops/.venv/lib/python3.12/site-packages/uvicorn/config.py", line 441, in load
    self.loaded_app = import_from_string(self.app)
                      ^^^^^^^^^^^^^^^^^^^^^^^^^^^^
  File "/Users/ignacio/mlops/.venv/lib/python3.12/site-packages/uvicorn/importer.py", line 19, in import_from_string
    module = importlib.import_module(module_str)
             ^^^^^^^^^^^^^^^^^^^^^^^^^^^^^^^^^^^
  File "/Users/ignacio/.local/share/uv/python/cpython-3.12.11-macos-aarch64-none/lib/python3.12/importlib/__init__.py", line 90, in import_module
    return _bootstrap._gcd_import(name[level:], package, level)
           ^^^^^^^^^^^^^^^^^^^^^^^^^^^^^^^^^^^^^^^^^^^^^^^^^^^^
  File "<frozen importlib._bootstrap>", line 1387, in _gcd_import
  File "<frozen importlib._bootstrap>", line 1360, in _find_and_load
  File "<frozen importlib._bootstrap>", line 1331, in _find_and_load_unlocked
  File "<frozen importlib._bootstrap>", line 935, in _load_unlocked
  File "<frozen importlib._bootstrap_external>", line 999, in exec_module
  File "<frozen importlib._bootstrap>", line 488, in _call_with_frames_removed
  File "/Users/ignacio/mlops/server.py", line 129, in <module>
    class GetPostRequest(BaseModel):
  File "/Users/ignacio/mlops/server.py", line 135, in GetPostRequest
    def exactly_one_identifier(self) -> GetPostRequest:
                                        ^^^^^^^^^^^^^^
NameError: name 'GetPostRequest' is not defined. Did you mean: 'CreatePostRequest'?
WARNING:  StatReload detected changes in 'pkg/posts/mongo_repository.py'. Reloading...
Process SpawnProcess-18:
Traceback (most recent call last):
  File "/Users/ignacio/.local/share/uv/python/cpython-3.12.11-macos-aarch64-none/lib/python3.12/multiprocessing/process.py", line 314, in _bootstrap
    self.run()
  File "/Users/ignacio/.local/share/uv/python/cpython-3.12.11-macos-aarch64-none/lib/python3.12/multiprocessing/process.py", line 108, in run
    self._target(*self._args, **self._kwargs)
  File "/Users/ignacio/mlops/.venv/lib/python3.12/site-packages/uvicorn/_subprocess.py", line 80, in subprocess_started
    target(sockets=sockets)
  File "/Users/ignacio/mlops/.venv/lib/python3.12/site-packages/uvicorn/server.py", line 75, in run
    return asyncio_run(self.serve(sockets=sockets), loop_factory=self.config.get_loop_factory())
           ^^^^^^^^^^^^^^^^^^^^^^^^^^^^^^^^^^^^^^^^^^^^^^^^^^^^^^^^^^^^^^^^^^^^^^^^^^^^^^^^^^^^^
  File "/Users/ignacio/.local/share/uv/python/cpython-3.12.11-macos-aarch64-none/lib/python3.12/asyncio/runners.py", line 195, in run
    return runner.run(main)
           ^^^^^^^^^^^^^^^^
  File "/Users/ignacio/.local/share/uv/python/cpython-3.12.11-macos-aarch64-none/lib/python3.12/asyncio/runners.py", line 118, in run
    return self._loop.run_until_complete(task)
           ^^^^^^^^^^^^^^^^^^^^^^^^^^^^^^^^^^^
  File "/Users/ignacio/.local/share/uv/python/cpython-3.12.11-macos-aarch64-none/lib/python3.12/asyncio/base_events.py", line 691, in run_until_complete
    return future.result()
           ^^^^^^^^^^^^^^^
  File "/Users/ignacio/mlops/.venv/lib/python3.12/site-packages/uvicorn/server.py", line 79, in serve
    await self._serve(sockets)
  File "/Users/ignacio/mlops/.venv/lib/python3.12/site-packages/uvicorn/server.py", line 86, in _serve
    config.load()
  File "/Users/ignacio/mlops/.venv/lib/python3.12/site-packages/uvicorn/config.py", line 441, in load
    self.loaded_app = import_from_string(self.app)
                      ^^^^^^^^^^^^^^^^^^^^^^^^^^^^
  File "/Users/ignacio/mlops/.venv/lib/python3.12/site-packages/uvicorn/importer.py", line 19, in import_from_string
    module = importlib.import_module(module_str)
             ^^^^^^^^^^^^^^^^^^^^^^^^^^^^^^^^^^^
  File "/Users/ignacio/.local/share/uv/python/cpython-3.12.11-macos-aarch64-none/lib/python3.12/importlib/__init__.py", line 90, in import_module
    return _bootstrap._gcd_import(name[level:], package, level)
           ^^^^^^^^^^^^^^^^^^^^^^^^^^^^^^^^^^^^^^^^^^^^^^^^^^^^
  File "<frozen importlib._bootstrap>", line 1387, in _gcd_import
  File "<frozen importlib._bootstrap>", line 1360, in _find_and_load
  File "<frozen importlib._bootstrap>", line 1331, in _find_and_load_unlocked
  File "<frozen importlib._bootstrap>", line 935, in _load_unlocked
  File "<frozen importlib._bootstrap_external>", line 999, in exec_module
  File "<frozen importlib._bootstrap>", line 488, in _call_with_frames_removed
  File "/Users/ignacio/mlops/server.py", line 130, in <module>
    class GetPostRequest(BaseModel):
  File "/Users/ignacio/mlops/server.py", line 136, in GetPostRequest
    def exactly_one_identifier(self) -> GetPostRequest:
                                        ^^^^^^^^^^^^^^
NameError: name 'GetPostRequest' is not defined. Did you mean: 'CreatePostRequest'?
WARNING:  StatReload detected changes in 'tests/pkg/test_posts_repository.py'. Reloading...
Process SpawnProcess-19:
Traceback (most recent call last):
  File "/Users/ignacio/.local/share/uv/python/cpython-3.12.11-macos-aarch64-none/lib/python3.12/multiprocessing/process.py", line 314, in _bootstrap
    self.run()
  File "/Users/ignacio/.local/share/uv/python/cpython-3.12.11-macos-aarch64-none/lib/python3.12/multiprocessing/process.py", line 108, in run
    self._target(*self._args, **self._kwargs)
  File "/Users/ignacio/mlops/.venv/lib/python3.12/site-packages/uvicorn/_subprocess.py", line 80, in subprocess_started
    target(sockets=sockets)
  File "/Users/ignacio/mlops/.venv/lib/python3.12/site-packages/uvicorn/server.py", line 75, in run
    return asyncio_run(self.serve(sockets=sockets), loop_factory=self.config.get_loop_factory())
           ^^^^^^^^^^^^^^^^^^^^^^^^^^^^^^^^^^^^^^^^^^^^^^^^^^^^^^^^^^^^^^^^^^^^^^^^^^^^^^^^^^^^^
  File "/Users/ignacio/.local/share/uv/python/cpython-3.12.11-macos-aarch64-none/lib/python3.12/asyncio/runners.py", line 195, in run
    return runner.run(main)
           ^^^^^^^^^^^^^^^^
  File "/Users/ignacio/.local/share/uv/python/cpython-3.12.11-macos-aarch64-none/lib/python3.12/asyncio/runners.py", line 118, in run
    return self._loop.run_until_complete(task)
           ^^^^^^^^^^^^^^^^^^^^^^^^^^^^^^^^^^^
  File "/Users/ignacio/.local/share/uv/python/cpython-3.12.11-macos-aarch64-none/lib/python3.12/asyncio/base_events.py", line 691, in run_until_complete
    return future.result()
           ^^^^^^^^^^^^^^^
  File "/Users/ignacio/mlops/.venv/lib/python3.12/site-packages/uvicorn/server.py", line 79, in serve
    await self._serve(sockets)
  File "/Users/ignacio/mlops/.venv/lib/python3.12/site-packages/uvicorn/server.py", line 86, in _serve
    config.load()
  File "/Users/ignacio/mlops/.venv/lib/python3.12/site-packages/uvicorn/config.py", line 441, in load
    self.loaded_app = import_from_string(self.app)
                      ^^^^^^^^^^^^^^^^^^^^^^^^^^^^
  File "/Users/ignacio/mlops/.venv/lib/python3.12/site-packages/uvicorn/importer.py", line 19, in import_from_string
    module = importlib.import_module(module_str)
             ^^^^^^^^^^^^^^^^^^^^^^^^^^^^^^^^^^^
  File "/Users/ignacio/.local/share/uv/python/cpython-3.12.11-macos-aarch64-none/lib/python3.12/importlib/__init__.py", line 90, in import_module
    return _bootstrap._gcd_import(name[level:], package, level)
           ^^^^^^^^^^^^^^^^^^^^^^^^^^^^^^^^^^^^^^^^^^^^^^^^^^^^
  File "<frozen importlib._bootstrap>", line 1387, in _gcd_import
  File "<frozen importlib._bootstrap>", line 1360, in _find_and_load
  File "<frozen importlib._bootstrap>", line 1331, in _find_and_load_unlocked
  File "<frozen importlib._bootstrap>", line 935, in _load_unlocked
  File "<frozen importlib._bootstrap_external>", line 999, in exec_module
  File "<frozen importlib._bootstrap>", line 488, in _call_with_frames_removed
  File "/Users/ignacio/mlops/server.py", line 130, in <module>
    class GetPostRequest(BaseModel):
  File "/Users/ignacio/mlops/server.py", line 136, in GetPostRequest
    def exactly_one_identifier(self) -> GetPostRequest:
                                        ^^^^^^^^^^^^^^
NameError: name 'GetPostRequest' is not defined. Did you mean: 'CreatePostRequest'?
WARNING:  StatReload detected changes in 'tests/pkg/test_posts_repository.py'. Reloading...
Process SpawnProcess-20:
Traceback (most recent call last):
  File "/Users/ignacio/.local/share/uv/python/cpython-3.12.11-macos-aarch64-none/lib/python3.12/multiprocessing/process.py", line 314, in _bootstrap
    self.run()
  File "/Users/ignacio/.local/share/uv/python/cpython-3.12.11-macos-aarch64-none/lib/python3.12/multiprocessing/process.py", line 108, in run
    self._target(*self._args, **self._kwargs)
  File "/Users/ignacio/mlops/.venv/lib/python3.12/site-packages/uvicorn/_subprocess.py", line 80, in subprocess_started
    target(sockets=sockets)
  File "/Users/ignacio/mlops/.venv/lib/python3.12/site-packages/uvicorn/server.py", line 75, in run
    return asyncio_run(self.serve(sockets=sockets), loop_factory=self.config.get_loop_factory())
           ^^^^^^^^^^^^^^^^^^^^^^^^^^^^^^^^^^^^^^^^^^^^^^^^^^^^^^^^^^^^^^^^^^^^^^^^^^^^^^^^^^^^^
  File "/Users/ignacio/.local/share/uv/python/cpython-3.12.11-macos-aarch64-none/lib/python3.12/asyncio/runners.py", line 195, in run
    return runner.run(main)
           ^^^^^^^^^^^^^^^^
  File "/Users/ignacio/.local/share/uv/python/cpython-3.12.11-macos-aarch64-none/lib/python3.12/asyncio/runners.py", line 118, in run
    return self._loop.run_until_complete(task)
           ^^^^^^^^^^^^^^^^^^^^^^^^^^^^^^^^^^^
  File "/Users/ignacio/.local/share/uv/python/cpython-3.12.11-macos-aarch64-none/lib/python3.12/asyncio/base_events.py", line 691, in run_until_complete
    return future.result()
           ^^^^^^^^^^^^^^^
  File "/Users/ignacio/mlops/.venv/lib/python3.12/site-packages/uvicorn/server.py", line 79, in serve
    await self._serve(sockets)
  File "/Users/ignacio/mlops/.venv/lib/python3.12/site-packages/uvicorn/server.py", line 86, in _serve
    config.load()
  File "/Users/ignacio/mlops/.venv/lib/python3.12/site-packages/uvicorn/config.py", line 441, in load
    self.loaded_app = import_from_string(self.app)
                      ^^^^^^^^^^^^^^^^^^^^^^^^^^^^
  File "/Users/ignacio/mlops/.venv/lib/python3.12/site-packages/uvicorn/importer.py", line 19, in import_from_string
    module = importlib.import_module(module_str)
             ^^^^^^^^^^^^^^^^^^^^^^^^^^^^^^^^^^^
  File "/Users/ignacio/.local/share/uv/python/cpython-3.12.11-macos-aarch64-none/lib/python3.12/importlib/__init__.py", line 90, in import_module
    return _bootstrap._gcd_import(name[level:], package, level)
           ^^^^^^^^^^^^^^^^^^^^^^^^^^^^^^^^^^^^^^^^^^^^^^^^^^^^
  File "<frozen importlib._bootstrap>", line 1387, in _gcd_import
  File "<frozen importlib._bootstrap>", line 1360, in _find_and_load
  File "<frozen importlib._bootstrap>", line 1331, in _find_and_load_unlocked
  File "<frozen importlib._bootstrap>", line 935, in _load_unlocked
  File "<frozen importlib._bootstrap_external>", line 999, in exec_module
  File "<frozen importlib._bootstrap>", line 488, in _call_with_frames_removed
  File "/Users/ignacio/mlops/server.py", line 130, in <module>
    class GetPostRequest(BaseModel):
  File "/Users/ignacio/mlops/server.py", line 136, in GetPostRequest
    def exactly_one_identifier(self) -> GetPostRequest:
                                        ^^^^^^^^^^^^^^
NameError: name 'GetPostRequest' is not defined. Did you mean: 'CreatePostRequest'?
WARNING:  StatReload detected changes in 'tests/pkg/test_posts_mongo_integration.py'. Reloading...
Process SpawnProcess-21:
Traceback (most recent call last):
  File "/Users/ignacio/.local/share/uv/python/cpython-3.12.11-macos-aarch64-none/lib/python3.12/multiprocessing/process.py", line 314, in _bootstrap
    self.run()
  File "/Users/ignacio/.local/share/uv/python/cpython-3.12.11-macos-aarch64-none/lib/python3.12/multiprocessing/process.py", line 108, in run
    self._target(*self._args, **self._kwargs)
  File "/Users/ignacio/mlops/.venv/lib/python3.12/site-packages/uvicorn/_subprocess.py", line 80, in subprocess_started
    target(sockets=sockets)
  File "/Users/ignacio/mlops/.venv/lib/python3.12/site-packages/uvicorn/server.py", line 75, in run
    return asyncio_run(self.serve(sockets=sockets), loop_factory=self.config.get_loop_factory())
           ^^^^^^^^^^^^^^^^^^^^^^^^^^^^^^^^^^^^^^^^^^^^^^^^^^^^^^^^^^^^^^^^^^^^^^^^^^^^^^^^^^^^^
  File "/Users/ignacio/.local/share/uv/python/cpython-3.12.11-macos-aarch64-none/lib/python3.12/asyncio/runners.py", line 195, in run
    return runner.run(main)
           ^^^^^^^^^^^^^^^^
  File "/Users/ignacio/.local/share/uv/python/cpython-3.12.11-macos-aarch64-none/lib/python3.12/asyncio/runners.py", line 118, in run
    return self._loop.run_until_complete(task)
           ^^^^^^^^^^^^^^^^^^^^^^^^^^^^^^^^^^^
  File "/Users/ignacio/.local/share/uv/python/cpython-3.12.11-macos-aarch64-none/lib/python3.12/asyncio/base_events.py", line 691, in run_until_complete
    return future.result()
           ^^^^^^^^^^^^^^^
  File "/Users/ignacio/mlops/.venv/lib/python3.12/site-packages/uvicorn/server.py", line 79, in serve
    await self._serve(sockets)
  File "/Users/ignacio/mlops/.venv/lib/python3.12/site-packages/uvicorn/server.py", line 86, in _serve
    config.load()
  File "/Users/ignacio/mlops/.venv/lib/python3.12/site-packages/uvicorn/config.py", line 441, in load
    self.loaded_app = import_from_string(self.app)
                      ^^^^^^^^^^^^^^^^^^^^^^^^^^^^
  File "/Users/ignacio/mlops/.venv/lib/python3.12/site-packages/uvicorn/importer.py", line 19, in import_from_string
    module = importlib.import_module(module_str)
             ^^^^^^^^^^^^^^^^^^^^^^^^^^^^^^^^^^^
  File "/Users/ignacio/.local/share/uv/python/cpython-3.12.11-macos-aarch64-none/lib/python3.12/importlib/__init__.py", line 90, in import_module
    return _bootstrap._gcd_import(name[level:], package, level)
           ^^^^^^^^^^^^^^^^^^^^^^^^^^^^^^^^^^^^^^^^^^^^^^^^^^^^
  File "<frozen importlib._bootstrap>", line 1387, in _gcd_import
  File "<frozen importlib._bootstrap>", line 1360, in _find_and_load
  File "<frozen importlib._bootstrap>", line 1331, in _find_and_load_unlocked
  File "<frozen importlib._bootstrap>", line 935, in _load_unlocked
  File "<frozen importlib._bootstrap_external>", line 999, in exec_module
  File "<frozen importlib._bootstrap>", line 488, in _call_with_frames_removed
  File "/Users/ignacio/mlops/server.py", line 130, in <module>
    class GetPostRequest(BaseModel):
  File "/Users/ignacio/mlops/server.py", line 136, in GetPostRequest
    def exactly_one_identifier(self) -> GetPostRequest:
                                        ^^^^^^^^^^^^^^
NameError: name 'GetPostRequest' is not defined. Did you mean: 'CreatePostRequest'?
WARNING:  StatReload detected changes in 'conftest.py'. Reloading...
Process SpawnProcess-22:
Traceback (most recent call last):
  File "/Users/ignacio/.local/share/uv/python/cpython-3.12.11-macos-aarch64-none/lib/python3.12/multiprocessing/process.py", line 314, in _bootstrap
    self.run()
  File "/Users/ignacio/.local/share/uv/python/cpython-3.12.11-macos-aarch64-none/lib/python3.12/multiprocessing/process.py", line 108, in run
    self._target(*self._args, **self._kwargs)
  File "/Users/ignacio/mlops/.venv/lib/python3.12/site-packages/uvicorn/_subprocess.py", line 80, in subprocess_started
    target(sockets=sockets)
  File "/Users/ignacio/mlops/.venv/lib/python3.12/site-packages/uvicorn/server.py", line 75, in run
    return asyncio_run(self.serve(sockets=sockets), loop_factory=self.config.get_loop_factory())
           ^^^^^^^^^^^^^^^^^^^^^^^^^^^^^^^^^^^^^^^^^^^^^^^^^^^^^^^^^^^^^^^^^^^^^^^^^^^^^^^^^^^^^
  File "/Users/ignacio/.local/share/uv/python/cpython-3.12.11-macos-aarch64-none/lib/python3.12/asyncio/runners.py", line 195, in run
    return runner.run(main)
           ^^^^^^^^^^^^^^^^
  File "/Users/ignacio/.local/share/uv/python/cpython-3.12.11-macos-aarch64-none/lib/python3.12/asyncio/runners.py", line 118, in run
    return self._loop.run_until_complete(task)
           ^^^^^^^^^^^^^^^^^^^^^^^^^^^^^^^^^^^
  File "/Users/ignacio/.local/share/uv/python/cpython-3.12.11-macos-aarch64-none/lib/python3.12/asyncio/base_events.py", line 691, in run_until_complete
    return future.result()
           ^^^^^^^^^^^^^^^
  File "/Users/ignacio/mlops/.venv/lib/python3.12/site-packages/uvicorn/server.py", line 79, in serve
    await self._serve(sockets)
  File "/Users/ignacio/mlops/.venv/lib/python3.12/site-packages/uvicorn/server.py", line 86, in _serve
    config.load()
  File "/Users/ignacio/mlops/.venv/lib/python3.12/site-packages/uvicorn/config.py", line 441, in load
    self.loaded_app = import_from_string(self.app)
                      ^^^^^^^^^^^^^^^^^^^^^^^^^^^^
  File "/Users/ignacio/mlops/.venv/lib/python3.12/site-packages/uvicorn/importer.py", line 19, in import_from_string
    module = importlib.import_module(module_str)
             ^^^^^^^^^^^^^^^^^^^^^^^^^^^^^^^^^^^
  File "/Users/ignacio/.local/share/uv/python/cpython-3.12.11-macos-aarch64-none/lib/python3.12/importlib/__init__.py", line 90, in import_module
    return _bootstrap._gcd_import(name[level:], package, level)
           ^^^^^^^^^^^^^^^^^^^^^^^^^^^^^^^^^^^^^^^^^^^^^^^^^^^^
  File "<frozen importlib._bootstrap>", line 1387, in _gcd_import
  File "<frozen importlib._bootstrap>", line 1360, in _find_and_load
  File "<frozen importlib._bootstrap>", line 1331, in _find_and_load_unlocked
  File "<frozen importlib._bootstrap>", line 935, in _load_unlocked
  File "<frozen importlib._bootstrap_external>", line 999, in exec_module
  File "<frozen importlib._bootstrap>", line 488, in _call_with_frames_removed
  File "/Users/ignacio/mlops/server.py", line 130, in <module>
    class GetPostRequest(BaseModel):
  File "/Users/ignacio/mlops/server.py", line 136, in GetPostRequest
    def exactly_one_identifier(self) -> GetPostRequest:
                                        ^^^^^^^^^^^^^^
NameError: name 'GetPostRequest' is not defined. Did you mean: 'CreatePostRequest'?
WARNING:  StatReload detected changes in 'server.py'. Reloading...
INFO:     Started server process [73694]
INFO:     Waiting for application startup.
INFO:     Application startup complete.
WARNING:  StatReload detected changes in 'tests/pkg/test_posts_mongo_integration.py'. Reloading...
INFO:     Shutting down
INFO:     Waiting for application shutdown.
INFO:     Application shutdown complete.
INFO:     Finished server process [73694]
INFO:     Started server process [73750]
INFO:     Waiting for application startup.
INFO:     Application startup complete.
WARNING:  StatReload detected changes in 'tests/test_posts_e2e.py'. Reloading...
INFO:     Shutting down
INFO:     Waiting for application shutdown.
INFO:     Application shutdown complete.
INFO:     Finished server process [73750]
INFO:     Started server process [75101]
INFO:     Waiting for application startup.
INFO:     Application startup complete.
WARNING:  StatReload detected changes in 'tests/test_posts_e2e.py'. Reloading...
INFO:     Shutting down
INFO:     Waiting for application shutdown.
INFO:     Application shutdown complete.
INFO:     Finished server process [75101]
INFO:     Started server process [75119]
INFO:     Waiting for application startup.
INFO:     Application startup complete.
WARNING:  StatReload detected changes in 'tests/test_posts_e2e.py'. Reloading...
INFO:     Shutting down
INFO:     Waiting for application shutdown.
INFO:     Application shutdown complete.
INFO:     Finished server process [75119]
INFO:     Started server process [75139]
INFO:     Waiting for application startup.
INFO:     Application startup complete.
WARNING:  StatReload detected changes in 'tests/test_posts_e2e.py'. Reloading...
INFO:     Shutting down
INFO:     Waiting for application shutdown.
INFO:     Application shutdown complete.
INFO:     Finished server process [75139]
INFO:     Started server process [75176]
INFO:     Waiting for application startup.
INFO:     Application startup complete.
WARNING:  StatReload detected changes in 'tests/test_posts_e2e.py'. Reloading...
INFO:     Shutting down
INFO:     Waiting for application shutdown.
INFO:     Application shutdown complete.
INFO:     Finished server process [75176]
INFO:     Started server process [75922]
INFO:     Waiting for application startup.
INFO:     Application startup complete.
WARNING:  StatReload detected changes in 'tests/test_posts_e2e.py'. Reloading...
INFO:     Shutting down
INFO:     Waiting for application shutdown.
INFO:     Application shutdown complete.
INFO:     Finished server process [75922]
INFO:     Started server process [76099]
INFO:     Waiting for application startup.
INFO:     Application startup complete.
INFO:     127.0.0.1:62082 - "GET / HTTP/1.1" 200 OK
INFO:     127.0.0.1:62082 - "GET /favicon.ico HTTP/1.1" 404 Not Found
WARNING:  StatReload detected changes in 'tests/test_posts_e2e.py'. Reloading...
INFO:     Shutting down
INFO:     Waiting for application shutdown.
INFO:     Application shutdown complete.
INFO:     Finished server process [76099]
INFO:     Started server process [77288]
INFO:     Waiting for application startup.
INFO:     Application startup complete.
WARNING:  StatReload detected changes in 'tests/test_posts_e2e.py'. Reloading...
INFO:     Shutting down
INFO:     Waiting for application shutdown.
INFO:     Application shutdown complete.
INFO:     Finished server process [77288]
INFO:     Started server process [77309]
INFO:     Waiting for application startup.
INFO:     Application startup complete.
INFO:     127.0.0.1:62124 - "GET /health HTTP/1.1" 200 OK
INFO:     127.0.0.1:62125 - "GET /posts HTTP/1.1" 200 OK
INFO:     127.0.0.1:62125 - "POST /posts HTTP/1.1" 201 Created
INFO:     127.0.0.1:62125 - "POST /posts HTTP/1.1" 201 Created
INFO:     127.0.0.1:62125 - "GET /posts HTTP/1.1" 200 OK
INFO:     127.0.0.1:62125 - "POST /posts/get HTTP/1.1" 200 OK
INFO:     127.0.0.1:62125 - "POST /posts/get HTTP/1.1" 200 OK
INFO:     127.0.0.1:62125 - "POST /posts/get HTTP/1.1" 200 OK
INFO:     127.0.0.1:62125 - "PATCH /posts HTTP/1.1" 200 OK
INFO:     127.0.0.1:62125 - "POST /posts/get HTTP/1.1" 200 OK
INFO:     127.0.0.1:62125 - "POST /posts/get HTTP/1.1" 404 Not Found
INFO:     127.0.0.1:62125 - "POST /posts/delete HTTP/1.1" 200 OK
INFO:     127.0.0.1:62125 - "GET /posts HTTP/1.1" 200 OK
INFO:     127.0.0.1:62125 - "POST /posts/get HTTP/1.1" 404 Not Found
INFO:     127.0.0.1:62125 - "POST /posts/get HTTP/1.1" 200 OK
INFO:     127.0.0.1:62125 - "GET /posts?include_deleted=true HTTP/1.1" 200 OK
INFO:     127.0.0.1:62125 - "POST /posts HTTP/1.1" 201 Created
INFO:     127.0.0.1:62125 - "GET /posts HTTP/1.1" 200 OK
INFO:     127.0.0.1:62125 - "GET /posts?include_deleted=true HTTP/1.1" 200 OK
INFO:     127.0.0.1:62188 - "GET /health HTTP/1.1" 200 OK
INFO:     127.0.0.1:62189 - "GET /posts HTTP/1.1" 200 OK
INFO:     127.0.0.1:62189 - "POST /posts HTTP/1.1" 201 Created
INFO:     127.0.0.1:62189 - "POST /posts HTTP/1.1" 201 Created
INFO:     127.0.0.1:62189 - "GET /posts HTTP/1.1" 200 OK
INFO:     127.0.0.1:62189 - "POST /posts/get HTTP/1.1" 200 OK
INFO:     127.0.0.1:62189 - "POST /posts/get HTTP/1.1" 200 OK
INFO:     127.0.0.1:62189 - "POST /posts/get HTTP/1.1" 200 OK
INFO:     127.0.0.1:62189 - "PATCH /posts HTTP/1.1" 200 OK
INFO:     127.0.0.1:62189 - "POST /posts/get HTTP/1.1" 200 OK
INFO:     127.0.0.1:62189 - "POST /posts/get HTTP/1.1" 404 Not Found
INFO:     127.0.0.1:62189 - "POST /posts/delete HTTP/1.1" 200 OK
INFO:     127.0.0.1:62189 - "GET /posts HTTP/1.1" 200 OK
INFO:     127.0.0.1:62189 - "POST /posts/get HTTP/1.1" 404 Not Found
INFO:     127.0.0.1:62189 - "POST /posts/get HTTP/1.1" 200 OK
INFO:     127.0.0.1:62189 - "GET /posts?include_deleted=true HTTP/1.1" 200 OK
INFO:     127.0.0.1:62189 - "POST /posts HTTP/1.1" 201 Created
INFO:     127.0.0.1:62189 - "GET /posts HTTP/1.1" 200 OK
INFO:     127.0.0.1:62189 - "GET /posts?include_deleted=true HTTP/1.1" 200 OK
INFO:     127.0.0.1:62211 - "GET /health HTTP/1.1" 200 OK
INFO:     127.0.0.1:62212 - "GET /posts HTTP/1.1" 200 OK
INFO:     127.0.0.1:62212 - "POST /posts HTTP/1.1" 201 Created
INFO:     127.0.0.1:62212 - "POST /posts HTTP/1.1" 201 Created
INFO:     127.0.0.1:62212 - "GET /posts HTTP/1.1" 200 OK
INFO:     127.0.0.1:62212 - "POST /posts/get HTTP/1.1" 200 OK
INFO:     127.0.0.1:62212 - "POST /posts/get HTTP/1.1" 200 OK
INFO:     127.0.0.1:62212 - "POST /posts/get HTTP/1.1" 200 OK
INFO:     127.0.0.1:62212 - "PATCH /posts HTTP/1.1" 200 OK
INFO:     127.0.0.1:62212 - "POST /posts/get HTTP/1.1" 200 OK
INFO:     127.0.0.1:62212 - "POST /posts/get HTTP/1.1" 404 Not Found
INFO:     127.0.0.1:62212 - "POST /posts/delete HTTP/1.1" 200 OK
INFO:     127.0.0.1:62212 - "GET /posts HTTP/1.1" 200 OK
INFO:     127.0.0.1:62212 - "POST /posts/get HTTP/1.1" 404 Not Found
INFO:     127.0.0.1:62212 - "POST /posts/get HTTP/1.1" 200 OK
INFO:     127.0.0.1:62212 - "GET /posts?include_deleted=true HTTP/1.1" 200 OK
INFO:     127.0.0.1:62212 - "POST /posts HTTP/1.1" 201 Created
INFO:     127.0.0.1:62212 - "GET /posts HTTP/1.1" 200 OK
INFO:     127.0.0.1:62212 - "GET /posts?include_deleted=true HTTP/1.1" 200 OK
WARNING:  StatReload detected changes in 'server.py'. Reloading...
INFO:     Shutting down
INFO:     Waiting for application shutdown.
INFO:     Application shutdown complete.
INFO:     Finished server process [77309]
INFO:     Started server process [80189]
INFO:     Waiting for application startup.
INFO:     Application startup complete.
INFO:     127.0.0.1:62430 - "GET /health HTTP/1.1" 200 OK
INFO:     127.0.0.1:62430 - "GET /health HTTP/1.1" 200 OK
INFO:     127.0.0.1:62442 - "GET /posts HTTP/1.1" 200 OK
INFO:     127.0.0.1:62442 - "GET /posts HTTP/1.1" 200 OK
INFO:     127.0.0.1:62449 - "GET /health HTTP/1.1" 200 OK
WARNING:  StatReload detected changes in 'server.py'. Reloading...
INFO:     Shutting down
INFO:     Waiting for application shutdown.
INFO:     Application shutdown complete.
INFO:     Finished server process [80189]
INFO:     Started server process [81220]
INFO:     Waiting for application startup.
INFO:     Application startup complete.
INFO:     127.0.0.1:62566 - "GET /health HTTP/1.1" 200 OK
INFO:     127.0.0.1:62567 - "GET /posts HTTP/1.1" 200 OK
INFO:     127.0.0.1:62567 - "POST /posts HTTP/1.1" 201 Created
INFO:     127.0.0.1:62567 - "POST /posts HTTP/1.1" 201 Created
INFO:     127.0.0.1:62567 - "GET /posts HTTP/1.1" 200 OK
INFO:     127.0.0.1:62567 - "POST /posts/get HTTP/1.1" 200 OK
INFO:     127.0.0.1:62567 - "POST /posts/get HTTP/1.1" 200 OK
INFO:     127.0.0.1:62567 - "POST /posts/get HTTP/1.1" 200 OK
INFO:     127.0.0.1:62567 - "PATCH /posts HTTP/1.1" 200 OK
INFO:     127.0.0.1:62567 - "POST /posts/get HTTP/1.1" 200 OK
INFO:     127.0.0.1:62567 - "POST /posts/get HTTP/1.1" 404 Not Found
INFO:     127.0.0.1:62567 - "POST /posts/delete HTTP/1.1" 200 OK
INFO:     127.0.0.1:62567 - "GET /posts HTTP/1.1" 200 OK
INFO:     127.0.0.1:62567 - "POST /posts/get HTTP/1.1" 404 Not Found
INFO:     127.0.0.1:62567 - "POST /posts/get HTTP/1.1" 200 OK
INFO:     127.0.0.1:62567 - "GET /posts?include_deleted=true HTTP/1.1" 200 OK
INFO:     127.0.0.1:62567 - "POST /posts HTTP/1.1" 201 Created
INFO:     127.0.0.1:62567 - "GET /posts HTTP/1.1" 200 OK
INFO:     127.0.0.1:62567 - "GET /posts?include_deleted=true HTTP/1.1" 200 OK
INFO:     127.0.0.1:62641 - "GET /posts HTTP/1.1" 200 OK
INFO:     127.0.0.1:62642 - "GET /posts HTTP/1.1" 200 OK
INFO:     127.0.0.1:62642 - "GET /posts HTTP/1.1" 200 OK
INFO:     127.0.0.1:62641 - "GET /posts HTTP/1.1" 200 OK
INFO:     127.0.0.1:62641 - "GET /posts HTTP/1.1" 200 OK
INFO:     127.0.0.1:62642 - "GET /posts HTTP/1.1" 200 OK
INFO:     127.0.0.1:62642 - "GET /posts HTTP/1.1" 200 OK
INFO:     127.0.0.1:62641 - "GET /posts HTTP/1.1" 200 OK
